Build started 2015-07-13 23:00:12.
     1>Project "C:\Users\Marcus PC\Documents\GitHub\Sot\Sot\Sot\Sot\Sot.vcxproj" on node 2 (Build target(s)).
     1>ClCompile:
         C:\Program Files (x86)\Microsoft Visual Studio 12.0\VC\bin\CL.exe /c /ZI /nologo /W3 /WX- /sdl /Od /Oy- /D WIN32 /D _DEBUG /D _CONSOLE /D _LIB /D _UNICODE /D UNICODE /Gm /EHsc /RTC1 /MDd /GS /fp:precise /Zc:wchar_t /Zc:forScope /Fo"Debug\\" /Fd"Debug\vc120.pdb" /Gd /TP /analyze- /errorReport:prompt Game.cpp SotMain.cpp
         SotMain.cpp
     1>c:\users\marcus pc\documents\github\sot\sot\sot\sot\sotmain.cpp(1): fatal error C1083: Cannot open include file: 'stdafx.h': No such file or directory
         Game.cpp
     1>c:\users\marcus pc\documents\github\sot\sot\sot\sot\game.cpp(1): fatal error C1083: Cannot open include file: 'stdafx.h': No such file or directory
         Generating Code...
     1>Done Building Project "C:\Users\Marcus PC\Documents\GitHub\Sot\Sot\Sot\Sot\Sot.vcxproj" (Build target(s)) -- FAILED.

Build FAILED.

Time Elapsed 00:00:01.75
